Removed Pin From Net: NetName=GND Pin=R21-1
Removed Pin From Net: NetName=NetC10_2 Pin=R22-2
Removed Pin From Net: NetName=+3V3_REG Pin=R25-2
Removed Pin From Net: NetName=GND Pin=R26-1
Removed Pin From Net: NetName=GPIO5 Pin=R28-1
Removed Pin From Net: NetName=GND Pin=R29-1
Change Component Designator: OldDesignator=R23 NewDesignator=R21
Change Component Designator: OldDesignator=R24 NewDesignator=R22
Change Component Designator: OldDesignator=R27 NewDesignator=R23
Added Pin To Net: NetName=+3V3_REG Pin=C11-2
Added Pin To Net: NetName=+3V3_REG Pin=C12-2
Added Pin To Net: NetName=GND Pin=J3-4
Added Pin To Net: NetName=GND Pin=U6-2
Added Pin To Net: NetName=NetC10_2 Pin=U6-5
Added Pin To Net: NetName=GND Pin=U7-2
Added Pin To Net: NetName=+3V3_REG Pin=U7-5
Added Pin To Net: NetName=GPIO5 Pin=U8-1
Added Pin To Net: NetName=GND Pin=U8-2
Added Pin To Net: NetName=+3V3_REG Pin=U8-5
Change Net Name : Old Net Name=NetR23_2 New Net Name=NetR21_2
Change Net Name : Old Net Name=NetR24_2 New Net Name=NetR22_2
Change Net Name : Old Net Name=NetR27_2 New Net Name=NetR23_2
