Change Component Designator: OldDesignator=C? NewDesignator=C1
Change Component Designator: OldDesignator=C? NewDesignator=C2
Change Component Designator: OldDesignator=C? NewDesignator=C3
Change Component Designator: OldDesignator=C? NewDesignator=C4
Change Component Designator: OldDesignator=C? NewDesignator=C5
Change Component Designator: OldDesignator=C? NewDesignator=C6
Change Component Designator: OldDesignator=C? NewDesignator=C7
Change Component Designator: OldDesignator=C? NewDesignator=C8
Change Component Designator: OldDesignator=C? NewDesignator=C9
Change Component Designator: OldDesignator=C? NewDesignator=C10
Change Component Designator: OldDesignator=C? NewDesignator=C11
Change Component Designator: OldDesignator=C? NewDesignator=C12
Change Component Designator: OldDesignator=D? NewDesignator=D1
Change Component Designator: OldDesignator=D? NewDesignator=D2
Change Component Designator: OldDesignator=D? NewDesignator=D3
Change Component Designator: OldDesignator=D? NewDesignator=D4
Change Component Designator: OldDesignator=D? NewDesignator=D5
Change Component Designator: OldDesignator=D? NewDesignator=D6
Change Component Designator: OldDesignator=D? NewDesignator=D7
Change Component Designator: OldDesignator=D? NewDesignator=D8
Change Component Designator: OldDesignator=D? NewDesignator=D9
Change Component Designator: OldDesignator=D? NewDesignator=D10
Change Component Designator: OldDesignator=D? NewDesignator=D11
Change Component Designator: OldDesignator=D? NewDesignator=D12
Change Component Designator: OldDesignator=J? NewDesignator=J1
Change Component Designator: OldDesignator=J? NewDesignator=J2
Change Component Designator: OldDesignator=J? NewDesignator=J3
Change Component Designator: OldDesignator=J? NewDesignator=J4
Change Component Designator: OldDesignator=J? NewDesignator=J5
Change Component Designator: OldDesignator=Q? NewDesignator=Q1
Change Component Designator: OldDesignator=Q? NewDesignator=Q2
Change Component Designator: OldDesignator=R? NewDesignator=R1
Change Component Designator: OldDesignator=R? NewDesignator=R2
Change Component Designator: OldDesignator=R? NewDesignator=R3
Change Component Designator: OldDesignator=R? NewDesignator=R4
Change Component Designator: OldDesignator=R? NewDesignator=R5
Change Component Designator: OldDesignator=R? NewDesignator=R6
Change Component Designator: OldDesignator=R? NewDesignator=R7
Change Component Designator: OldDesignator=R? NewDesignator=R8
Change Component Designator: OldDesignator=R? NewDesignator=R9
Change Component Designator: OldDesignator=R? NewDesignator=R10
Change Component Designator: OldDesignator=R? NewDesignator=R11
Change Component Designator: OldDesignator=R? NewDesignator=R12
Change Component Designator: OldDesignator=R? NewDesignator=R13
Change Component Designator: OldDesignator=R? NewDesignator=R14
Change Component Designator: OldDesignator=R? NewDesignator=R15
Change Component Designator: OldDesignator=R? NewDesignator=R16
Change Component Designator: OldDesignator=R? NewDesignator=R17
Change Component Designator: OldDesignator=R? NewDesignator=R18
Change Component Designator: OldDesignator=R? NewDesignator=R19
Change Component Designator: OldDesignator=R? NewDesignator=R20
Change Component Designator: OldDesignator=R? NewDesignator=R21
Change Component Designator: OldDesignator=R? NewDesignator=R22
Change Component Designator: OldDesignator=R? NewDesignator=R23
Change Component Designator: OldDesignator=SW? NewDesignator=SW1
Change Component Designator: OldDesignator=SW? NewDesignator=SW2
Change Component Designator: OldDesignator=SW? NewDesignator=SW3
Change Component Designator: OldDesignator=SW? NewDesignator=SW4
Change Component Designator: OldDesignator=U? NewDesignator=U1
Change Component Designator: OldDesignator=U? NewDesignator=U2
Change Component Designator: OldDesignator=U? NewDesignator=U3
Change Component Designator: OldDesignator=U? NewDesignator=U4
Change Component Designator: OldDesignator=U? NewDesignator=U5
Change Component Designator: OldDesignator=U? NewDesignator=U6
Change Component Designator: OldDesignator=U? NewDesignator=U7
Change Component Designator: OldDesignator=U? NewDesignator=U8
Change Net Name : Old Net Name=NetC?_2 New Net Name=NetC1_2
Change Net Name : Old Net Name=NetC?_2 New Net Name=NetC10_2
Change Net Name : Old Net Name=NetD?_2 New Net Name=NetD1_2
Change Net Name : Old Net Name=NetD?_2 New Net Name=NetD2_2
Change Net Name : Old Net Name=NetD?_2 New Net Name=NetD3_2
Change Net Name : Old Net Name=NetJ?_1 New Net Name=NetJ3_1
Change Net Name : Old Net Name=NetJ?_2 New Net Name=NetJ3_2
Change Net Name : Old Net Name=NetJ?_2 New Net Name=NetJ5_2
Change Net Name : Old Net Name=NetJ?_3 New Net Name=NetJ3_3
Change Net Name : Old Net Name=NetJ?_3 New Net Name=NetJ5_3
Change Net Name : Old Net Name=NetJ?_4 New Net Name=NetJ5_4
Change Net Name : Old Net Name=NetJ?_A5 New Net Name=NetJ2_A5
Change Net Name : Old Net Name=NetJ?_A6 New Net Name=NetJ2_A6
Change Net Name : Old Net Name=NetJ?_A7 New Net Name=NetJ2_A7
Change Net Name : Old Net Name=NetJ?_B5 New Net Name=NetJ2_B5
Change Net Name : Old Net Name=NetJ?_S1 New Net Name=NetJ2_S1
Change Net Name : Old Net Name=NetJ?_S2 New Net Name=NetJ2_S2
Change Net Name : Old Net Name=NetJ?_S3 New Net Name=NetJ2_S3
Change Net Name : Old Net Name=NetJ?_S4 New Net Name=NetJ2_S4
Change Net Name : Old Net Name=NetQ?_1 New Net Name=NetQ1_1
Change Net Name : Old Net Name=NetQ?_1 New Net Name=NetQ2_1
Change Net Name : Old Net Name=NetR?_1 New Net Name=NetR1_1
Change Net Name : Old Net Name=NetR?_2 New Net Name=NetR20_2
Change Net Name : Old Net Name=NetR?_2 New Net Name=NetR21_2
Change Net Name : Old Net Name=NetR?_2 New Net Name=NetR22_2
Change Net Name : Old Net Name=NetR?_2 New Net Name=NetR23_2
